<?xml version="1.0" encoding="UTF-8"?>
<testsuite name="money.MoneyTest" tests="1" skipped="0" failures="0" errors="0" timestamp="2021-12-04T09:16:37" hostname="LAPTOP-GTJAM3UM" time="0.046">
  <properties/>
  <testcase name="testGreeting()" classname="money.MoneyTest" time="0.046"/>
  <system-out><![CDATA[]]></system-out>
  <system-err><![CDATA[]]></system-err>
</testsuite>
